
Showing logs for build [32mcb-kubecd-environment-pr-228-4-d9cqq-1[0m stage [32mfrom-build-pack[0m and container [32mstep-credential-initializer-w5s89[0m
{"level":"info","ts":1590029274.3687727,"logger":"fallback-logger","caller":"logging/config.go:69","msg":"Fetch GitHub commit ID from kodata failed: open /var/run/ko/refs/heads/0.8.0-ns-support: no such file or directory"}
{"level":"info","ts":1590029274.3716633,"logger":"fallback-logger","caller":"creds-init/main.go:40","msg":"Credentials initialized."}

Showing logs for build [32mcb-kubecd-environment-pr-228-4-d9cqq-1[0m stage [32mfrom-build-pack[0m and container [32mstep-working-dir-initializer-46rg8[0m
{"level":"info","ts":1590029275.9355924,"logger":"fallback-logger","caller":"logging/config.go:69","msg":"Fetch GitHub commit ID from kodata failed: open /var/run/ko/HEAD: no such file or directory"}
{"level":"info","ts":1590029275.9445462,"logger":"fallback-logger","caller":"bash/main.go:64","msg":"Successfully executed command \"sh -c mkdir -p /workspace/source\"; output "}

Showing logs for build [32mcb-kubecd-environment-pr-228-4-d9cqq-1[0m stage [32mfrom-build-pack[0m and container [32mstep-place-tools[0m

Showing logs for build [32mcb-kubecd-environment-pr-228-4-d9cqq-1[0m stage [32mfrom-build-pack[0m and container [32mstep-git-source-cb-kubecd-environment-pr-228-4-d9cqq-s449b[0m
{"level":"info","ts":1590029282.1630907,"logger":"fallback-logger","caller":"logging/config.go:69","msg":"Fetch GitHub commit ID from kodata failed: open /var/run/ko/refs/heads/0.8.0-ns-support: no such file or directory"}
{"level":"info","ts":1590029283.2629259,"logger":"fallback-logger","caller":"git/git.go:103","msg":"Successfully cloned https://github.com/cb-kubecd/environment-pr-228-4-gke-upgrade-staging.git @ master in path /workspace/source"}

Showing logs for build [32mcb-kubecd-environment-pr-228-4-d9cqq-1[0m stage [32mfrom-build-pack[0m and container [32mstep-git-merge[0m
Using SHAs from PULL_REFS=master:b9aed2925b583669c0ab8eff8a75f8e7a704e565,1:460e49a1fe1624ffb53563375872228521849ebb
DEBUG: LC_ALL=C JX_LOG_LEVEL=error git fetch origin --unshallow 460e49a1fe1624ffb53563375872228521849ebb: b9aed2925b583669c0ab8eff8a75f8e7a704e565:
DEBUG: ran git fetch --unshallow origin 460e49a1fe1624ffb53563375872228521849ebb: b9aed2925b583669c0ab8eff8a75f8e7a704e565: in 
DEBUG: LC_ALL=C JX_LOG_LEVEL=error git branch
DEBUG: LC_ALL=C JX_LOG_LEVEL=error git checkout master
DEBUG: ran git checkout master in 
DEBUG: LC_ALL=C JX_LOG_LEVEL=error git reset --hard b9aed2925b583669c0ab8eff8a75f8e7a704e565
DEBUG: ran git reset --hard b9aed2925b583669c0ab8eff8a75f8e7a704e565 in 
DEBUG: LC_ALL=C JX_LOG_LEVEL=error git clean -fd .
DEBUG: ran clean --force -d . in 
DEBUG: LC_ALL=C JX_LOG_LEVEL=error git merge 460e49a1fe1624ffb53563375872228521849ebb
DEBUG: ran git merge 460e49a1fe1624ffb53563375872228521849ebb in 
DEBUG: LC_ALL=C JX_LOG_LEVEL=error git log --format=%H%x1f%an%x1f%ae%x1f%cn%x1f%ce%x1f%s%n%b%x1e b9aed2925b583669c0ab8eff8a75f8e7a704e565..HEAD
Merged SHA 460e49a1fe1624ffb53563375872228521849ebb with commit message 'chore: Promote bdd-spring-1590028953 to version 0.0.1' into base branch master

Showing logs for build [32mcb-kubecd-environment-pr-228-4-d9cqq-1[0m stage [32mfrom-build-pack[0m and container [32mstep-build-helm-build[0m
WARNING: No $CHART_REPOSITORY defined so using the default value of: http://jenkins-x-chartmuseum:8080
Adding missing Helm repo: storage.googleapis.com https://storage.googleapis.com/chartmuseum.jenkins-x.io
WARNING: No secrets found on "helm/repos" due: reading the secret "helm/repos" from vault: no secret "helm/repos" not found in vault
Read credentials for https://storage.googleapis.com/chartmuseum.jenkins-x.io from vault helm/repos
Successfully added Helm repository storage.googleapis.com.
Adding missing Helm repo: jenkins-x-chartmuseum http://jenkins-x-chartmuseum:8080
WARNING: No secrets found on "helm/repos" due: reading the secret "helm/repos" from vault: no secret "helm/repos" not found in vault
Read credentials for http://jenkins-x-chartmuseum:8080 from vault helm/repos
Successfully added Helm repository jenkins-x-chartmuseum.
WARNING: No $CHART_REPOSITORY defined so using the default value of: http://jenkins-x-chartmuseum:8080
Adding missing Helm repo: chartmuseum.jenkins-x.io http://chartmuseum.jenkins-x.io
WARNING: No secrets found on "helm/repos" due: reading the secret "helm/repos" from vault: no secret "helm/repos" not found in vault
Read credentials for http://chartmuseum.jenkins-x.io from vault helm/repos
Successfully added Helm repository chartmuseum.jenkins-x.io.
